Determining if the pthread_create exist failed with the following output:
Change Dir: /home/buguntu/ros_ws/build/CMakeFiles/CMakeTmp

Run Build Command:/usr/bin/make "cmTryCompileExec1732640847/fast"
/usr/bin/make -f CMakeFiles/cmTryCompileExec1732640847.dir/build.make CMakeFiles/cmTryCompileExec1732640847.dir/build
make[1]: se ingresa al directorio «/home/buguntu/ros_ws/build/CMakeFiles/CMakeTmp»
/usr/bin/cmake -E cmake_progress_report /home/buguntu/ros_ws/build/CMakeFiles/CMakeTmp/CMakeFiles 1
Building C object CMakeFiles/cmTryCompileExec1732640847.dir/CheckSymbolExists.c.o
/usr/bin/cc    -o CMakeFiles/cmTryCompileExec1732640847.dir/CheckSymbolExists.c.o   -c /home/buguntu/ros_ws/build/CMakeFiles/CMakeTmp/CheckSymbolExists.c
Linking C executable cmTryCompileExec1732640847
/usr/bin/cmake -E cmake_link_script CMakeFiles/cmTryCompileExec1732640847.dir/link.txt --verbose=1
/usr/bin/cc       CMakeFiles/cmTryCompileExec1732640847.dir/CheckSymbolExists.c.o  -o cmTryCompileExec1732640847 -rdynamic 
CMakeFiles/cmTryCompileExec1732640847.dir/CheckSymbolExists.c.o: En la función `main':
CheckSymbolExists.c:(.text+0x16): referencia a `pthread_create' sin definir
collect2: error: ld returned 1 exit status
make[1]: se sale del directorio «/home/buguntu/ros_ws/build/CMakeFiles/CMakeTmp»
make[1]: *** [cmTryCompileExec1732640847] Error 1
make: *** [cmTryCompileExec1732640847/fast] Error 2

File /home/buguntu/ros_ws/build/CMakeFiles/CMakeTmp/CheckSymbolExists.c:
/* */
#include <pthread.h>

int main(int argc, char** argv)
{
  (void)argv;
#ifndef pthread_create
  return ((int*)(&pthread_create))[argc];
#else
  (void)argc;
  return 0;
#endif
}

Determining if the function pthread_create exists in the pthreads failed with the following output:
Change Dir: /home/buguntu/ros_ws/build/CMakeFiles/CMakeTmp

Run Build Command:/usr/bin/make "cmTryCompileExec3138417620/fast"
/usr/bin/make -f CMakeFiles/cmTryCompileExec3138417620.dir/build.make CMakeFiles/cmTryCompileExec3138417620.dir/build
make[1]: se ingresa al directorio «/home/buguntu/ros_ws/build/CMakeFiles/CMakeTmp»
/usr/bin/cmake -E cmake_progress_report /home/buguntu/ros_ws/build/CMakeFiles/CMakeTmp/CMakeFiles 1
Building C object CMakeFiles/cmTryCompileExec3138417620.dir/CheckFunctionExists.c.o
/usr/bin/cc   -DCHECK_FUNCTION_EXISTS=pthread_create   -o CMakeFiles/cmTryCompileExec3138417620.dir/CheckFunctionExists.c.o   -c /usr/share/cmake-2.8/Modules/CheckFunctionExists.c
Linking C executable cmTryCompileExec3138417620
/usr/bin/cmake -E cmake_link_script CMakeFiles/cmTryCompileExec3138417620.dir/link.txt --verbose=1
/usr/bin/cc   -DCHECK_FUNCTION_EXISTS=pthread_create    CMakeFiles/cmTryCompileExec3138417620.dir/CheckFunctionExists.c.o  -o cmTryCompileExec3138417620 -rdynamic -lpthreads 
/usr/bin/ld: no se puede encontrar -lpthreads
collect2: error: ld returned 1 exit status
make[1]: se sale del directorio «/home/buguntu/ros_ws/build/CMakeFiles/CMakeTmp»
make[1]: *** [cmTryCompileExec3138417620] Error 1
make: *** [cmTryCompileExec3138417620/fast] Error 2


